  main.c
c:\users\zuzu\desktop\rbf project\rbf\main.c(146): warning C4013: 'getch' undefined; assuming extern returning int
c:\users\zuzu\desktop\rbf project\rbf\main.c(167): warning C4018: '<': signed/unsigned mismatch
c:\users\zuzu\desktop\rbf project\rbf\main.c(181): warning C4018: '<': signed/unsigned mismatch
c:\users\zuzu\desktop\rbf project\rbf\main.c(189): warning C4018: '<': signed/unsigned mismatch
c:\users\zuzu\desktop\rbf project\rbf\main.c(205): warning C4018: '<': signed/unsigned mismatch
c:\users\zuzu\desktop\rbf project\rbf\main.c(217): warning C4018: '<': signed/unsigned mismatch
c:\users\zuzu\desktop\rbf project\rbf\main.c(240): warning C4018: '<': signed/unsigned mismatch
c:\users\zuzu\desktop\rbf project\rbf\main.c(253): warning C4018: '<': signed/unsigned mismatch
c:\users\zuzu\desktop\rbf project\rbf\main.c(277): warning C4018: '<': signed/unsigned mismatch
c:\users\zuzu\desktop\rbf project\rbf\main.c(292): warning C4018: '<': signed/unsigned mismatch
c:\users\zuzu\desktop\rbf project\rbf\main.c(304): warning C4018: '<': signed/unsigned mismatch
c:\users\zuzu\desktop\rbf project\rbf\main.c(390): warning C4018: '<': signed/unsigned mismatch
c:\users\zuzu\desktop\rbf project\rbf\main.c(406): warning C4047: 'initializing': 'double *' differs in levels of indirection from 'double **'
c:\users\zuzu\desktop\rbf project\rbf\main.c(447): warning C4018: '<': signed/unsigned mismatch
c:\users\zuzu\desktop\rbf project\rbf\main.c(459): warning C4018: '<': signed/unsigned mismatch
c:\users\zuzu\desktop\rbf project\rbf\main.c(461): warning C4018: '<': signed/unsigned mismatch
c:\users\zuzu\desktop\rbf project\rbf\main.c(520): warning C4018: '<': signed/unsigned mismatch
c:\users\zuzu\desktop\rbf project\rbf\main.c(540): warning C4018: '<': signed/unsigned mismatch
c:\users\zuzu\desktop\rbf project\rbf\main.c(560): warning C4018: '<': signed/unsigned mismatch
c:\users\zuzu\desktop\rbf project\rbf\main.c(584): warning C4172: returning address of local variable or temporary: z
LINK : warning LNK4098: defaultlib 'MSVCRT' conflicts with use of other libs; use /NODEFAULTLIB:library
  Project3.vcxproj -> C:\Users\zuzu\Desktop\RBF Project\RBF\Debug\Project3.exe
